<?xml version="1.0" encoding="UTF-8"?>
<testsuite xmlns:xsi="http://www.w3.org/2001/XMLSchema-instance" xsi:noNamespaceSchemaLocation="https://maven.apache.org/surefire/maven-surefire-plugin/xsd/surefire-test-report.xsd" name="com.parkit.parkingsystem.ParkingServiceTest" time="0.104" tests="4" errors="0" skipped="0" failures="0">
  <properties>
[...]
</properties>
  <testcase name="getVehichleTypeCarTest" classname="com.parkit.parkingsystem.ParkingServiceTest" time="0.087"/>
  <testcase name="getVehichleTypeUnknownTest" classname="com.parkit.parkingsystem.ParkingServiceTest" time="0.001"/>
  <testcase name="getVehichleTypeBikeTest" classname="com.parkit.parkingsystem.ParkingServiceTest" time="0.001"/>
  <testcase name="processExitingVehicleTest" classname="com.parkit.parkingsystem.ParkingServiceTest" time="0.012"/>
</testsuite>