<?xml version="1.0" encoding="UTF-8"?>
<testsuite xmlns:xsi="http://www.w3.org/2001/XMLSchema-instance" xsi:noNamespaceSchemaLocation="https://maven.apache.org/surefire/maven-surefire-plugin/xsd/surefire-test-report.xsd" name="com.parkit.parkingsystem.RegistrationNumberSecurityUtilTest" time="0.002" tests="2" errors="0" skipped="0" failures="0">
  <properties>
[...]
</properties>
  <testcase name="checkIfVehicleRegistrationNumberIsValidTest" classname="com.parkit.parkingsystem.RegistrationNumberSecurityUtilTest" time="0"/>
  <testcase name="checkIfVehicleRegistrationNumberIsFalseTest" classname="com.parkit.parkingsystem.RegistrationNumberSecurityUtilTest" time="0.001"/>
</testsuite>